# パラメータによる座標・標高補正ソフトウェア PatchJGD HV Ver.1.1.0.0
# 入力ファイル名: input.txt
# 補正区分: 標高成分のみ
# パラメータファイル名: hyokorevBM_jgd2024_h.par
# 系番号: 10
# 世界測地系の緯度/経度      変動前の標高(入力値)  変動後の標高(計算値)
# X            Y             標高                  標高                  コメント
# m            m             m                     m
# 行末に「-9999.」がある行は、補正されなかった行です。
#-------------------------------------------------------------------------------
24415.4744 -70495.4103 3.5290 3.3175 
24435.6313 -70249.5653 2.6870 2.4754 
24438.5027 -70027.2909 1.6740 1.4623 
24346.4386 -69822.2807 4.3750 4.1633 
24702.7917 -69623.2019 5.6970 5.4851 
24412.7281 -69443.9085 2.2610 2.0494 
24415.6140 -69269.0733 2.2560 2.0445 
24422.2186 -69096.7071 2.4560 2.2446 
24384.5382 -68904.8776 3.1040 2.8928 
24417.0979 -68684.8276 6.5300 6.3188 
24358.2391 -68509.2171 5.8000 5.5889 
24295.5980 -68303.0361 4.2260 4.0149 
24245.0236 -68131.4653 5.2560 5.0448 
24189.7153 -67977.1728 5.5350 5.3238 
24063.9979 -67779.6447 7.5990 7.3878 
23946.5575 -67672.5693 8.8770 8.6657 
23830.4968 -67590.2168 8.8020 8.5906 
23690.7088 -67512.5175 8.1950 7.9835 
23554.9352 -67479.5249 7.8830 7.6715 
23468.6977 -67457.9308 7.7860 7.5745 
23368.2265 -67420.9347 7.3510 7.1394 
23229.0135 -67400.1440 7.1780 6.9663 
23010.3632 -67392.5931 7.8150 7.6032 
22777.8400 -67427.6251 7.7030 7.4912 
22579.8740 -67457.1567 7.8920 7.6801 
22322.8088 -67460.1411 7.9120 7.7000 
22062.2994 -67419.5770 8.0100 7.7979 
21846.9751 -67249.1176 7.5570 7.3447 
21712.3757 -66977.4349 6.7400 6.5275 
21643.0587 -66741.2376 5.4850 5.2723 
21588.4470 -66462.4662 4.5670 4.3544 
21593.5872 -66355.1953 8.1660 7.9535 
21621.5546 -66174.1095 8.4380 8.2256 
21878.8875 -65667.1703 8.1350 7.9226 
22066.4580 -65592.0578 8.2740 8.0614 
22229.6036 -65483.6726 8.7690 8.5560 
22375.6651 -65382.6941 8.5960 8.3827 
22528.9549 -65287.9832 8.7450 8.5314 
22680.3419 -65149.9045 8.7530 8.5390 
22756.0239 -65068.8626 8.8170 8.6027 
22813.4740 -64969.2994 8.3730 8.1585 
22849.3627 -64877.3216 8.4810 8.2663 
22867.3624 -64837.6796 8.5800 8.3652 
22868.0814 -64833.7400 8.6650 8.4502 
22876.1404 -64743.7302 8.8050 8.5900 
22865.9502 -64511.8312 8.9010 8.6856 
22813.7834 -64275.0358 8.9990 8.7831 
22754.3882 -64082.6905 9.0630 8.8467 
22677.6194 -63838.5619 9.4500 9.2331 
22723.7549 -63581.0489 9.0190 8.8017 
22810.8971 -63387.3564 9.7410 9.5237 
22947.0233 -63183.9448 9.0720 8.8550 
23100.0127 -63006.2472 9.0950 8.8783 
23304.1057 -62822.3258 9.4960 9.2796 
23421.7875 -62752.6627 8.9860 8.7697 
23535.9239 -62651.7371 9.3550 9.1389 
23575.5565 -62595.1118 9.2850 9.0690 
23601.9286 -62548.9657 9.2190 9.0030 
23595.3844 -62534.9224 9.5220 9.3060 
23598.8758 -62510.8188 9.6180 9.4020 
23598.7060 -62460.0913 9.9270 9.7111 
23564.1073 -62297.1486 10.9020 10.6861 
23493.8665 -62112.3977 10.3930 10.1772 
23392.3995 -61893.6848 10.2930 10.0773 
23288.1259 -61686.7375 10.5220 10.3064 
23174.0287 -61458.0446 10.4350 10.2197 
23099.4925 -61224.4867 8.5800 8.3650 
23167.9965 -61037.0447 7.8730 7.6581 
23282.3888 -60856.6687 8.0600 7.8454 
23241.5391 -60672.1562 43.4990 43.2846 
23147.2456 -60467.8076 39.1820 38.9677 
23332.0502 -60211.1021 12.1960 11.9822 
23409.3086 -60098.3684 6.1280 5.9142 
23493.0013 -59902.4307 11.4150 11.2012 
23631.7564 -59641.1516 14.1740 13.9601 
23969.8932 -59573.2167 5.9460 5.7320 
24127.5323 -59576.4849 11.6590 11.4449 
24220.4479 -59554.5992 11.1030 10.8888 
24249.0838 -59545.5633 11.6320 11.4178 
24320.0974 -59512.8022 11.1880 10.9738 
24403.0427 -59461.9533 11.3490 11.1347 
24496.0040 -59377.1070 11.5420 11.3277 
24580.0053 -59277.3608 11.5130 11.2986 
24656.6573 -59106.1677 12.3530 12.1385 
24739.0875 -58829.3723 12.0350 11.8202 
24855.5291 -58559.1626 9.8220 9.6069 
24993.3423 -58395.5707 10.3230 10.1077 
25079.4739 -58299.0175 12.0580 11.8425 
25170.2651 -58180.4804 12.1220 11.9063 
25237.3923 -58062.5538 12.2940 12.0780 
25289.3682 -57797.4466 12.9740 12.7576 
25293.3557 -57760.3340 13.0850 12.8685 
25290.8448 -57577.8447 13.1210 12.9042 
25261.7479 -57413.3624 9.6510 9.4339 
25252.5437 -57345.2169 12.8020 12.5848 
25217.7423 -57261.4521 9.8550 9.6377 
25162.2867 -57116.0355 10.7030 10.4855 
25099.0013 -56920.0858 9.5440 9.3268 
25050.8852 -56683.0291 14.0800 13.8631 
24943.5832 -56517.1664 13.1320 12.9154 
24810.8933 -56339.0874 13.6130 13.3967 
24719.4752 -56164.0146 10.7980 10.5820 
24594.2368 -55918.5416 12.5990 12.3832 
24683.8204 -55569.4914 10.2580 10.0424 
24720.2404 -55260.5874 15.4580 15.2426 
24979.4823 -55202.7205 14.3180 14.1024 
25192.0651 -55190.6723 14.5220 14.3063 
25356.0291 -55133.8046 14.6280 14.4121 
25464.5669 -55065.7862 14.7330 14.5170 
25530.6075 -54975.4923 14.9500 14.7339 
25556.5739 -54862.9638 14.9420 14.7258 
25521.9488 -54728.3396 15.1360 14.9196 
25433.5766 -54596.5283 15.3280 15.1115 
25305.6636 -54481.4422 15.4010 15.1845 
25156.2016 -54378.0483 15.4550 15.2385 
24981.4208 -54274.5172 15.5640 15.3473 
24820.3013 -54186.9528 15.6480 15.4311 
24663.6514 -54095.8884 15.1950 14.9780 
24483.0102 -53975.1495 15.4740 15.2567 
24298.9704 -53841.0398 16.0710 15.8535 
24128.9785 -53705.9383 15.6860 15.4682 
23972.1846 -53577.4278 15.9490 15.7310 
23830.1998 -53463.3889 16.4050 16.1869 
23688.7798 -53356.6031 16.5460 16.3278 
23530.9867 -53245.6467 16.6250 16.4067 
23352.2607 -53126.1155 16.8530 16.6347 
23214.0551 -53035.9967 16.8080 16.5898 
23044.4726 -52935.2740 17.0310 16.8129 
22879.3166 -52817.6164 17.1020 16.8840 
22704.5365 -52730.1083 17.1450 16.9272 
22557.2342 -52654.4346 17.4280 17.2103 
22402.4006 -52557.2699 15.6300 15.4125 
22212.9827 -52429.5877 14.9710 14.7536 
22092.0406 -52375.9857 15.0870 14.8696 
21831.4398 -52285.0241 13.8100 13.5927 
21637.7562 -52189.1323 13.5780 13.3607 
21476.1124 -52031.7742 14.6720 14.4547 
21458.2237 -51789.2171 18.0590 17.8415 
21588.8907 -51613.5017 17.1680 16.9500 
21676.8204 -51413.2709 18.0260 17.8075 
21803.0079 -51253.2475 17.3010 17.0820 
21941.4903 -51109.5027 17.4410 17.2215 
22095.4148 -50965.9656 17.6390 17.4190 
22231.0501 -50829.3261 19.2610 19.0405 
22387.9276 -50685.5931 19.8090 19.5880 
22547.9338 -50571.9670 19.0350 18.8136 
22701.7372 -50438.0736 19.2430 19.0213 
22867.0375 -50331.4032 19.2990 19.0770 
23018.9251 -50190.6116 23.3060 23.0837 
23181.9343 -50020.8416 26.1920 25.9694 
23312.0807 -49941.2521 16.3670 16.1442 
23521.4503 -49793.3301 18.7280 18.5051 
23698.6308 -49687.1093 18.9310 18.7079 
23875.5440 -49613.1823 20.0630 19.8398 
24027.5343 -49487.2598 20.6840 20.4607 
24014.7591 -49395.0293 21.3800 21.1566 
24216.9225 -49296.1946 15.9310 15.7075 
24193.4844 -49176.7803 14.9480 14.7245 
24124.0395 -49134.2808 16.9330 16.7095 
23927.3624 -49110.6364 16.6860 16.4626 
23743.4490 -49140.6809 16.7520 16.5287 
23516.5994 -49203.1416 20.3320 20.1088 
23336.3077 -49244.9906 19.6220 19.3989 
23166.1077 -49329.6731 17.7950 17.5721 
22960.9531 -49370.0037 18.0630 17.8402 
22773.5274 -49375.1871 21.2800 21.0573 
22555.1130 -49327.0641 19.1900 18.9674 
22340.5293 -49209.0299 19.0700 18.8474 
22333.5383 -48923.8978 17.5490 17.3262 
22426.3957 -48746.4965 17.5540 17.3311 
22550.1608 -48571.3104 22.4400 22.2169 
22681.9202 -48451.1024 22.6480 22.4247 
22770.0957 -48264.9081 22.7800 22.5564 
22819.7676 -48056.2578 22.9150 22.6911 
22871.5106 -47832.8861 23.1530 22.9288 
22781.1178 -47509.2559 17.6860 17.4614 
22733.8865 -47299.6855 21.4260 21.2009 
22949.7809 -47295.6438 19.4220 19.1969 
23106.1034 -47179.0571 22.7500 22.5246 
23400.1872 -47091.0117 19.0520 18.8262 
23350.0485 -46895.4438 18.9980 18.7718 
23434.3741 -46708.4402 19.1560 18.9293 
23329.3678 -46579.0641 19.2110 18.9841 
23275.3777 -46462.1402 19.3060 19.0788 
23157.4259 -46286.5519 19.5770 19.3496 
23021.3962 -46147.4370 18.6410 18.4134 
22889.1609 -45964.3651 24.1510 23.9232 
22769.4463 -45756.0707 23.5940 23.3658 
22658.4701 -45572.2703 38.7180 38.4896 
22716.7015 -45314.0617 24.6440 24.4151 
22900.6261 -45160.6472 17.9470 17.7178 
23002.8010 -45052.1574 25.7760 25.5467 
23060.5932 -44821.0307 21.8800 21.6504 
23189.2177 -44677.3093 18.8950 18.6651 
23227.6289 -44464.9487 19.4820 19.2519 
23354.2396 -44345.1268 19.3380 19.1077 
23555.7438 -44231.4337 18.5000 18.2695 
23726.0144 -44136.4348 19.0400 18.8094 
23828.6430 -43998.1413 20.5110 20.2804 
23790.8497 -43756.6980 21.2570 21.0263 
23807.0117 -43659.6329 22.5170 22.2862 
23703.0104 -43549.2753 23.6320 23.4012 
23769.6910 -43322.2428 27.5140 27.2831 
23643.1475 -43147.9872 42.2970 42.0660 
23567.4556 -42920.2759 19.8600 19.6289 
23535.0315 -42773.5678 20.1940 19.9628 
23460.5746 -42560.4504 20.6800 20.4487 
23486.3897 -42307.4728 21.1090 20.8776 
23470.0077 -42033.9272 22.5200 22.2885 
23472.2048 -41882.3483 22.7720 22.5404 
23478.1825 -41825.6044 22.8410 22.6094 
23491.0283 -41699.1557 23.0620 22.8304 
23484.9751 -41519.7953 22.9310 22.6993 
23427.8486 -41337.4454 23.4020 23.1702 
23435.8853 -41141.2112 22.2530 22.0211 
23249.2473 -40953.8985 23.6990 23.4668 
23395.0414 -40708.1651 27.0970 26.8647 
23421.3193 -40459.9573 26.9630 26.7305 
23572.1540 -40303.4910 27.2980 27.0654 
23701.3648 -40125.2266 27.3110 27.0783 
23819.1555 -39954.6557 31.5370 31.3042 
23952.4378 -39802.2413 28.1160 27.8831 
24065.8051 -39643.6550 28.1250 27.8919 
24164.4136 -39470.9615 28.6060 28.3728 
24237.9861 -39309.3490 28.9170 28.6836 
24304.6120 -39101.9577 29.0380 28.8044 
24356.9029 -38923.0640 29.2940 29.0602 
24406.7360 -38729.9968 27.1450 26.9109 
24493.4327 -38579.2584 26.5310 26.2967 
24569.8255 -38420.4902 44.7180 44.4835 
24647.2649 -38211.6487 44.3740 44.1392 
24777.1916 -37904.3726 44.6710 44.4358 
24879.9376 -37831.9651 24.1800 23.9447 
25052.7739 -37680.6806 43.8080 43.5725 
25266.7186 -37635.8861 25.6180 25.3825 
25452.0108 -37518.0994 26.8230 26.5874 
25640.3855 -37468.2985 30.4930 30.2573 
25828.2616 -37399.7979 30.4180 30.1822 
26006.1286 -37322.5001 30.5800 30.3442 
26175.0172 -37237.0811 30.8000 30.5641 
26375.9926 -37124.3720 44.5360 44.2999 
26549.1809 -37048.3259 31.5400 31.3038 
26709.9980 -36899.7549 28.6700 28.4336 
26922.1399 -36868.5971 38.5710 38.3346 
27070.8172 -36767.0288 42.6900 42.4534 
27246.9251 -36694.7271 39.8120 39.5753 
27429.4358 -36594.9422 43.9890 43.7521 
27626.3250 -36532.5014 38.6220 38.3850 
27734.6822 -36454.5653 42.3810 42.1439 
27908.4655 -36230.8382 34.0310 33.7933 
28140.5730 -36117.2921 29.5530 29.3151 
28388.3435 -36120.8781 34.3550 34.1171 
28544.2641 -36211.2217 33.9080 33.6703 
28745.3466 -36113.0096 34.3650 34.1271 
28933.9274 -36068.0864 31.2220 30.9840 
29086.8378 -36000.6754 31.1330 30.8948 
29080.7673 -35752.0613 32.9320 32.6931 
29080.8219 -35631.7587 35.0020 34.7628 
29080.9719 -35453.9116 36.3860 36.1464 
29018.2866 -35293.8558 36.4620 36.2220 
29006.7495 -35080.4548 35.5040 35.2635 
28962.6455 -34883.6805 36.4820 36.2410 
28899.9595 -34701.2800 35.8850 35.6436 
28905.9824 -34476.7535 33.1210 32.8794 
28893.0819 -34273.4261 32.8480 32.6063 
28904.6300 -34110.5203 33.1330 32.8912 
28900.2942 -33950.8168 44.3580 44.1161 
28981.2566 -33757.8119 33.5920 33.3500 
29093.1657 -33479.2808 46.0770 45.8348 
29238.6798 -33346.9716 33.2170 32.9748 
29422.3165 -33281.8818 36.9560 36.7138 
29616.7706 -33214.5615 37.3460 37.1038 
29706.4224 -33137.5244 37.4560 37.2138 
29753.4300 -33071.8437 37.7070 37.4648 
29805.4526 -32924.4657 37.9680 37.7257 
29810.0427 -32792.2568 39.9330 39.6905 
29848.5387 -32617.7833 38.1480 37.9054 
29874.0020 -32437.7713 38.5030 38.2602 
29892.6834 -32211.0197 36.0870 35.8439 
29854.1333 -32085.5029 37.3550 37.1117 
29791.9395 -31731.9482 42.3150 42.0712 
29879.0972 -31594.8777 43.9290 43.6851 
29867.7898 -31478.8719 43.2090 42.9649 
29943.1612 -31362.5136 35.8630 35.6188 
29818.6745 -31181.8615 36.4200 36.1755 
29703.3418 -31035.6465 38.9790 38.7343 
29626.7651 -30685.5119 36.5260 36.2808 
29583.1122 -30527.4110 36.9740 36.7286 
29544.4834 -30338.1577 37.5120 37.2663 
29576.2043 -30127.0003 37.5400 37.2940 
29621.5803 -29938.5597 38.3910 38.1447 
29634.4749 -29765.7038 43.5710 43.3245 
29665.0022 -29571.6946 38.6780 38.4312 
29660.6593 -29394.1192 39.3850 39.1379 
29627.2521 -29211.2213 39.6930 39.4457 
29589.7910 -29010.3739 39.9360 39.6884 
29552.5392 -28797.8203 40.4410 40.1932 
29548.0560 -28547.0527 41.1210 40.8729 
29577.2915 -28316.2399 41.4470 41.1986 
29603.4995 -28129.1665 41.8640 41.6154 
29635.0737 -27894.3935 42.1920 41.9431 
29642.6748 -27742.1190 41.8520 41.6029 
29620.4151 -27657.4191 42.0310 41.7818 
29639.0018 -27436.2535 45.1330 44.8836 
29617.1310 -27249.4864 44.6240 44.3744 
29604.9935 -27049.7891 44.8610 44.6112 
29581.6820 -26851.7301 45.4040 45.1540 
29540.3210 -26679.7094 45.5830 45.3328 
29492.2183 -26546.9722 45.5660 45.3156 
29407.8188 -26373.6525 45.9520 45.7014 
29322.4924 -26184.5030 46.4690 46.2182 
29239.3893 -26009.2486 46.5910 46.3401 
29154.5887 -25821.4841 47.0240 46.7729 
29068.6520 -25638.1593 47.6460 47.3948 
28982.7484 -25467.2067 47.3130 47.0616 
28878.4823 -25275.1313 48.2120 47.9604 
28804.8975 -25141.3698 48.4030 48.1513 
28681.4144 -24953.8405 48.7120 48.4602 
28557.4565 -24834.1889 48.8210 48.5691 
28464.4176 -24754.4050 49.1710 48.9191 
28333.1210 -24652.9158 49.5620 49.3100 
28160.6846 -24516.5080 50.6720 50.4199 
28088.7642 -24163.2127 49.4280 49.1756 
27972.5336 -23940.6194 49.2720 49.0195 
27882.1647 -23759.9131 49.7870 49.5344 
27815.0944 -23652.6590 50.3220 50.0693 
27712.9757 -23538.9702 50.3930 50.1403 
27606.7066 -23457.9094 50.6040 50.3512 
27470.4482 -23384.3494 53.4750 53.2222 
27297.2864 -23267.2294 51.1330 50.8801 
27135.8072 -23167.2462 51.9930 51.7401 
26964.3256 -23058.8914 52.6070 52.3540 
26792.2250 -22954.9155 53.0200 52.7670 
26614.7254 -22848.0072 53.5560 53.3031 
26449.9123 -22761.6386 54.1410 53.8881 
26346.6832 -22707.5772 54.0820 53.8291 
26049.2436 -22479.8595 55.1850 54.9322 
25895.7744 -22235.0206 55.8550 55.6022 
25807.7620 -21988.7813 56.7960 56.5433 
25794.3398 -21842.3354 56.8150 56.5623 
25740.7009 -21649.7543 57.0360 56.7832 
25684.1849 -21484.1972 58.1310 57.8782 
25592.5195 -21322.1238 58.7220 58.4691 
25461.6310 -21173.5002 58.6100 58.3571 
